This is pdfTeX, Version 3.141592653-2.6-1.40.24 (TeX Live 2022) (preloaded format=pdflatex 2022.4.27)  28 APR 2022 01:16
entering extended mode
 restricted \write18 enabled.
 %&-line parsing enabled.
**"C:/Users/u0118974/OneDrive - KU Leuven/repos/montesmariana/glossr/docs/articles/glossr_pdf.tex"
(c:/Users/u0118974/OneDrive - KU Leuven/repos/montesmariana/glossr/docs/articles/glossr_pdf.tex
LaTeX2e <2021-11-15> patch level 1
L3 programming layer <2022-04-20>

! LaTeX Error: Missing \begin{document}.

See the LaTeX manual or LaTeX Companion for explanation.
Type  H <return>  for immediate help.
 ...                                              
                                                  
l.1 <
     !DOCTYPE html> 
Here is how much of TeX's memory you used:
 19 strings out of 480193
 850 string characters out of 5891069
 284928 words of memory out of 5000000
 18107 multiletter control sequences out of 15000+600000
 469259 words of font info for 28 fonts, out of 8000000 for 9000
 14 hyphenation exceptions out of 8191
 13i,0n,12p,144b,14s stack positions out of 10000i,1000n,20000p,200000b,200000s

!  ==> Fatal error occurred, no output PDF file produced!
